<?xml version="1.0" encoding="UTF-8"?>
<!-- Generated by org.testng.reporters.JUnitReportReporter -->
<testsuite hostname="Asharulace" failures="0" tests="8" name="testng.ParallelTestNG2" time="0.012" errors="0" timestamp="2025-02-12T11:19:55 WIB" skipped="0">
  <testcase classname="testng.ParallelTestNG2" name="scenarioTest4" time="0.001"/>
  <testcase classname="testng.ParallelTestNG2" name="dataTestScenario" time="0.000"/>
  <testcase classname="testng.ParallelTestNG2" name="scenarioTest2" time="0.001"/>
  <testcase classname="testng.ParallelTestNG2" name="dataTestScenario" time="0.008"/>
  <testcase classname="testng.ParallelTestNG2" name="scenarioTest3" time="0.000"/>
  <testcase classname="testng.ParallelTestNG2" name="dataTestScenario" time="0.000"/>
  <testcase classname="testng.ParallelTestNG2" name="scenarioTest5" time="0.001"/>
  <testcase classname="testng.ParallelTestNG2" name="scenarioTest1" time="0.001"/>
</testsuite> <!-- testng.ParallelTestNG2 -->
