<?xml version="1.0" encoding="UTF-8"?>
<!-- Generated by org.testng.reporters.JUnitReportReporter -->
<testsuite hostname="Asharulace" failures="0" tests="4" name="testng.ParallelTestNG" time="0.014" errors="0" timestamp="2025-02-12T11:19:55 WIB" skipped="0">
  <testcase classname="testng.ParallelTestNG" name="checkoutBarang" time="0.003"/>
  <testcase classname="testng.ParallelTestNG" name="scenarioTest1" time="0.006"/>
  <testcase classname="testng.ParallelTestNG" name="scenarioTest3" time="0.003"/>
  <testcase classname="testng.ParallelTestNG" name="scenarioTest2" time="0.002"/>
</testsuite> <!-- testng.ParallelTestNG -->
