<?xml version="1.0" encoding="UTF-8"?>
<!-- Generated by org.testng.reporters.JUnitReportReporter -->
<testsuite hostname="Asharulace" failures="0" tests="4" name="testng.TestNG" time="0.013" errors="0" timestamp="2025-02-12T11:19:55 WIB" skipped="0">
  <testcase classname="testng.TestNG" name="scenarioTest3" time="0.002"/>
  <testcase classname="testng.TestNG" name="scenarioTest1" time="0.006"/>
  <testcase classname="testng.TestNG" name="scenarioTest2" time="0.001"/>
  <testcase classname="testng.TestNG" name="checkoutBrang" time="0.004"/>
</testsuite> <!-- testng.TestNG -->
